/resshare/wsuconnect/support_tools/check_rawdata.py:618: FutureWarning: Styler.applymap has been deprecated. Use Styler.map instead.
  styled_df = d_completeData[k].style.applymap(_color_cells)
updating MySQL tables on 20251109 @ 02:00:03
Project: 2024-663
	Valid
sub-08151220	ses-2
	True
['sub-08151220_ses-2_task-rest_cbf.nii.gz', 'sub-08151220_ses-2_task-rest_cbf.json', 'sub-08151220_ses-2_task-rest_asl.nii.gz', 'sub-08151220_ses-2_task-rest_asl.json', 'sub-08151220_ses-2_acq-axial_FLAIR.nii.gz', 'sub-08151220_ses-2_acq-axial_FLAIR.json']
['*rawdata*beh*philips-scan-log.csv*', '*rawdata*beh*nvs-stroop*log*', '*rawdata*beh*nvs-stroop*csv*', 'sub-08151220_ses-2_acq-64dir_dir-AP_dwi.nii.gz', 'sub-08151220_ses-2_acq-64dir_dir-AP_dwi.json', 'sub-08151220_ses-2_acq-64dir_dir-PA_sbref.nii.gz', 'sub-08151220_ses-2_acq-64dir_dir-PA_sbref.json', 'sub-08151220_ses-2_task-nvs_bold.nii.gz', 'sub-08151220_ses-2_task-nvs_bold.json', 'sub-08151220_ses-2_task-nvs_acq-AP_epi.nii.gz', 'sub-08151220_ses-2_task-nvs_acq-AP_epi.json', 'sub-08151220_ses-2_task-nvs_acq-PA_epi.nii.gz', 'sub-08151220_ses-2_task-nvs_acq-PA_epi.json', 'sub-08151220_ses-2_task-affstroop_bold.nii.gz', 'sub-08151220_ses-2_task-affstroop_bold.json', 'sub-08151220_ses-2_task-affstroop_acq-AP_epi.nii.gz', 'sub-08151220_ses-2_task-affstroop_acq-AP_epi.json', 'sub-08151220_ses-2_task-affstroop_acq-PA_epi.nii.gz', 'sub-08151220_ses-2_task-affstroop_acq-PA_epi.json', 'sub-08151220_ses-2_acq-saglong_T1w.nii.gz', 'sub-08151220_ses-2_acq-saglong_T1w.json', 'sub-08151220_ses-2_acq-corlong_T1w.nii.gz', 'sub-08151220_ses-2_acq-corlong_T1w.json', 'sub-08151220_ses-2_acq-axlong_T1w.nii.gz', 'sub-08151220_ses-2_acq-axlong_T1w.json', 'sub-08151220_ses-2_acq-comb_apt.nii.gz', 'sub-08151220_ses-2_acq-comb_apt.json']
HTML file generated: /resshare21/projects/2023_JLC/etms_phase2/code/processing_logs/2024-663_rawdata_check_apt.html
Successfully updated 2024_663 in database CoNNECT
	Total time: 9.584327459335327 seconds


/resshare/wsuconnect/support_tools/check_rawdata.py:618: FutureWarning: Styler.applymap has been deprecated. Use Styler.map instead.
  styled_df = d_completeData[k].style.applymap(_color_cells)
updating MySQL tables on 20251110 @ 02:00:03
Project: 2024-663
	Valid
sub-08151220	ses-2
	True
['sub-08151220_ses-2_task-rest_cbf.nii.gz', 'sub-08151220_ses-2_task-rest_cbf.json', 'sub-08151220_ses-2_task-rest_asl.nii.gz', 'sub-08151220_ses-2_task-rest_asl.json', 'sub-08151220_ses-2_acq-axial_FLAIR.nii.gz', 'sub-08151220_ses-2_acq-axial_FLAIR.json']
['*rawdata*beh*philips-scan-log.csv*', '*rawdata*beh*nvs-stroop*log*', '*rawdata*beh*nvs-stroop*csv*', 'sub-08151220_ses-2_acq-64dir_dir-AP_dwi.nii.gz', 'sub-08151220_ses-2_acq-64dir_dir-AP_dwi.json', 'sub-08151220_ses-2_acq-64dir_dir-PA_sbref.nii.gz', 'sub-08151220_ses-2_acq-64dir_dir-PA_sbref.json', 'sub-08151220_ses-2_task-nvs_bold.nii.gz', 'sub-08151220_ses-2_task-nvs_bold.json', 'sub-08151220_ses-2_task-nvs_acq-AP_epi.nii.gz', 'sub-08151220_ses-2_task-nvs_acq-AP_epi.json', 'sub-08151220_ses-2_task-nvs_acq-PA_epi.nii.gz', 'sub-08151220_ses-2_task-nvs_acq-PA_epi.json', 'sub-08151220_ses-2_task-affstroop_bold.nii.gz', 'sub-08151220_ses-2_task-affstroop_bold.json', 'sub-08151220_ses-2_task-affstroop_acq-AP_epi.nii.gz', 'sub-08151220_ses-2_task-affstroop_acq-AP_epi.json', 'sub-08151220_ses-2_task-affstroop_acq-PA_epi.nii.gz', 'sub-08151220_ses-2_task-affstroop_acq-PA_epi.json', 'sub-08151220_ses-2_acq-saglong_T1w.nii.gz', 'sub-08151220_ses-2_acq-saglong_T1w.json', 'sub-08151220_ses-2_acq-corlong_T1w.nii.gz', 'sub-08151220_ses-2_acq-corlong_T1w.json', 'sub-08151220_ses-2_acq-axlong_T1w.nii.gz', 'sub-08151220_ses-2_acq-axlong_T1w.json', 'sub-08151220_ses-2_acq-comb_apt.nii.gz', 'sub-08151220_ses-2_acq-comb_apt.json']
HTML file generated: /resshare21/projects/2023_JLC/etms_phase2/code/processing_logs/2024-663_rawdata_check_apt.html
Successfully updated 2024_663 in database CoNNECT
	Total time: 10.856372833251953 seconds


updating MySQL tables on 20251111 @ 02:00:03
Project: 2024-663
	Valid
Traceback (most recent call last):
  File "/resshare/wsuconnect/python3_venv/lib/python3.12/site-packages/pandas/core/indexes/range.py", line 413, in get_loc
    return self._range.index(new_key)
           ^^^^^^^^^^^^^^^^^^^^^^^^^^
ValueError: 0 is not in range

The above exception was the direct cause of the following exception:

Traceback (most recent call last):
  File "/resshare/wsuconnect/connect_neuro_db_update.py", line 281, in <module>
    st.check_rawdata(project=options.PROJECT, progress=options.progress)
  File "/resshare/wsuconnect/support_tools/check_rawdata.py", line 225, in check_rawdata
    mask = (df_prevMissing["uuid"] == df_scanLog.loc[0,'uuid']) #(df_prevMissing["project"] == project) & (df_prevMissing["subject"] == subName) & (df_prevMissing["session"] == f"ses-{sesNum}")
                                      ~~~~~~~~~~~~~~^^^^^^^^^^
  File "/resshare/wsuconnect/python3_venv/lib/python3.12/site-packages/pandas/core/indexing.py", line 1184, in __getitem__
    return self.obj._get_value(*key, takeable=self._takeable)
           ^^^^^^^^^^^^^^^^^^^^^^^^^^^^^^^^^^^^^^^^^^^^^^^^^^
  File "/resshare/wsuconnect/python3_venv/lib/python3.12/site-packages/pandas/core/frame.py", line 4232, in _get_value
    row = self.index.get_loc(index)
          ^^^^^^^^^^^^^^^^^^^^^^^^^
  File "/resshare/wsuconnect/python3_venv/lib/python3.12/site-packages/pandas/core/indexes/range.py", line 415, in get_loc
    raise KeyError(key) from err
KeyError: 0
updating MySQL tables on 20251112 @ 02:00:03
Project: 2024-663
	Valid
Traceback (most recent call last):
  File "/resshare/wsuconnect/python3_venv/lib/python3.12/site-packages/pandas/core/indexes/range.py", line 413, in get_loc
    return self._range.index(new_key)
           ^^^^^^^^^^^^^^^^^^^^^^^^^^
ValueError: 0 is not in range

The above exception was the direct cause of the following exception:

Traceback (most recent call last):
  File "/resshare/wsuconnect/connect_neuro_db_update.py", line 281, in <module>
    st.check_rawdata(project=options.PROJECT, progress=options.progress)
  File "/resshare/wsuconnect/support_tools/check_rawdata.py", line 225, in check_rawdata
    mask = (df_prevMissing["uuid"] == df_scanLog.loc[0,'uuid']) #(df_prevMissing["project"] == project) & (df_prevMissing["subject"] == subName) & (df_prevMissing["session"] == f"ses-{sesNum}")
                                      ~~~~~~~~~~~~~~^^^^^^^^^^
  File "/resshare/wsuconnect/python3_venv/lib/python3.12/site-packages/pandas/core/indexing.py", line 1184, in __getitem__
    return self.obj._get_value(*key, takeable=self._takeable)
           ^^^^^^^^^^^^^^^^^^^^^^^^^^^^^^^^^^^^^^^^^^^^^^^^^^
  File "/resshare/wsuconnect/python3_venv/lib/python3.12/site-packages/pandas/core/frame.py", line 4232, in _get_value
    row = self.index.get_loc(index)
          ^^^^^^^^^^^^^^^^^^^^^^^^^
  File "/resshare/wsuconnect/python3_venv/lib/python3.12/site-packages/pandas/core/indexes/range.py", line 415, in get_loc
    raise KeyError(key) from err
KeyError: 0
